2018-03-06 20:40:12,773 INFO  [org.jboss.modules] (main) JBoss Modules version 1.3.3.Final
2018-03-06 20:40:13,065 INFO  [org.jboss.msc] (main) JBoss MSC version 1.2.2.Final
2018-03-06 20:40:13,212 INFO  [org.jboss.as] (MSC service thread 1-6) JBAS015899: WildFly 8.2.0.Final "Tweek" starting
2018-03-06 20:40:13,218 DEBUG [org.jboss.as.config] (MSC service thread 1-6) Configured system properties:
	awt.toolkit = sun.awt.X11.XToolkit
	file.encoding = UTF-8
	file.encoding.pkg = sun.io
	file.separator = /
	java.awt.graphicsenv = sun.awt.X11GraphicsEnvironment
	java.awt.headless = true
	java.awt.printerjob = sun.print.PSPrinterJob
	java.class.path = /home/soa7503/workspace/wildfly-8.2.0.Final/jboss-modules.jar
	java.class.version = 52.0
	java.endorsed.dirs = /usr/lib/jvm/java-8-oracle/jre/lib/endorsed
	java.ext.dirs = /usr/lib/jvm/java-8-oracle/jre/lib/ext:/usr/java/packages/lib/ext
	java.home = /usr/lib/jvm/java-8-oracle/jre
	java.io.tmpdir = /tmp
	java.library.path = /usr/java/packages/lib/amd64:/usr/lib64:/lib64:/lib:/usr/lib
	java.net.preferIPv4Stack = true
	java.runtime.name = Java(TM) SE Runtime Environment
	java.runtime.version = 1.8.0_161-b12
	java.specification.name = Java Platform API Specification
	java.specification.vendor = Oracle Corporation
	java.specification.version = 1.8
	java.util.logging.manager = org.jboss.logmanager.LogManager
	java.vendor = Oracle Corporation
	java.vendor.url = http://java.oracle.com/
	java.vendor.url.bug = http://bugreport.sun.com/bugreport/
	java.version = 1.8.0_161
	java.vm.info = mixed mode
	java.vm.name = Java HotSpot(TM) 64-Bit Server VM
	java.vm.specification.name = Java Virtual Machine Specification
	java.vm.specification.vendor = Oracle Corporation
	java.vm.specification.version = 1.8
	java.vm.vendor = Oracle Corporation
	java.vm.version = 25.161-b12
	javax.management.builder.initial = org.jboss.as.jmx.PluggableMBeanServerBuilder
	javax.xml.datatype.DatatypeFactory = __redirected.__DatatypeFactory
	javax.xml.parsers.DocumentBuilderFactory = __redirected.__DocumentBuilderFactory
	javax.xml.parsers.SAXParserFactory = __redirected.__SAXParserFactory
	javax.xml.stream.XMLEventFactory = __redirected.__XMLEventFactory
	javax.xml.stream.XMLInputFactory = __redirected.__XMLInputFactory
	javax.xml.stream.XMLOutputFactory = __redirected.__XMLOutputFactory
	javax.xml.transform.TransformerFactory = __redirected.__TransformerFactory
	javax.xml.validation.SchemaFactory:http://www.w3.org/2001/XMLSchema = __redirected.__SchemaFactory
	javax.xml.xpath.XPathFactory:http://java.sun.com/jaxp/xpath/dom = __redirected.__XPathFactory
	jboss.bind.address = localhost
	jboss.bind.address.management = localhost
	jboss.home.dir = /home/soa7503/workspace/wildfly-8.2.0.Final
	jboss.host.name = caelum126-06
	jboss.modules.dir = /home/soa7503/workspace/wildfly-8.2.0.Final/modules
	jboss.modules.system.pkgs = org.jboss.byteman
	jboss.node.name = caelum126-06
	jboss.qualified.host.name = caelum126-06
	jboss.server.base.dir = /home/soa7503/workspace/wildfly-8.2.0.Final/standalone
	jboss.server.config.dir = /home/soa7503/workspace/wildfly-8.2.0.Final/standalone/configuration
	jboss.server.data.dir = /home/soa7503/workspace/wildfly-8.2.0.Final/standalone/data
	jboss.server.deploy.dir = /home/soa7503/workspace/wildfly-8.2.0.Final/standalone/data/content
	jboss.server.log.dir = /home/soa7503/workspace/wildfly-8.2.0.Final/standalone/log
	jboss.server.name = caelum126-06
	jboss.server.persist.config = true
	jboss.server.temp.dir = /home/soa7503/workspace/wildfly-8.2.0.Final/standalone/tmp
	line.separator = 

	logging.configuration = file:/home/soa7503/workspace/wildfly-8.2.0.Final/standalone/configuration/logging.properties
	module.path = /home/soa7503/workspace/wildfly-8.2.0.Final/modules
	org.jboss.boot.log.file = /home/soa7503/workspace/wildfly-8.2.0.Final/standalone/log/boot.log
	org.jboss.logmanager.nocolor = true
	org.jboss.resolver.warning = true
	org.xml.sax.driver = __redirected.__XMLReaderFactory
	os.arch = amd64
	os.name = Linux
	os.version = 4.4.0-116-generic
	path.separator = :
	program.name = JBossTools: WildFly  8.x
	sun.arch.data.model = 64
	sun.boot.class.path = /usr/lib/jvm/java-8-oracle/jre/lib/resources.jar:/usr/lib/jvm/java-8-oracle/jre/lib/rt.jar:/usr/lib/jvm/java-8-oracle/jre/lib/sunrsasign.jar:/usr/lib/jvm/java-8-oracle/jre/lib/jsse.jar:/usr/lib/jvm/java-8-oracle/jre/lib/jce.jar:/usr/lib/jvm/java-8-oracle/jre/lib/charsets.jar:/usr/lib/jvm/java-8-oracle/jre/lib/jfr.jar:/usr/lib/jvm/java-8-oracle/jre/classes
	sun.boot.library.path = /usr/lib/jvm/java-8-oracle/jre/lib/amd64
	sun.cpu.endian = little
	sun.cpu.isalist = 
	sun.desktop = gnome
	sun.io.unicode.encoding = UnicodeLittle
	sun.java.command = org.jboss.modules.Main -mp /home/soa7503/workspace/wildfly-8.2.0.Final/modules -jaxpmodule javax.xml.jaxp-provider -jaxpmodule javax.xml.jaxp-provider org.jboss.as.standalone -b localhost --server-config=standalone.xml -Djboss.server.base.dir=/home/soa7503/workspace/wildfly-8.2.0.Final/standalone
	sun.java.launcher = SUN_STANDARD
	sun.jnu.encoding = UTF-8
	sun.management.compiler = HotSpot 64-Bit Tiered Compilers
	sun.os.patch.level = unknown
	sun.rmi.dgc.client.gcInterval = 3600000
	sun.rmi.dgc.server.gcInterval = 3600000
	user.country = US
	user.country.format = BR
	user.dir = /home/soa7503/workspace/wildfly-8.2.0.Final/bin
	user.home = /home/soa7503
	user.language = en
	user.language.format = pt
	user.name = soa7503
	user.timezone = America/Sao_Paulo
2018-03-06 20:40:13,222 DEBUG [org.jboss.as.config] (MSC service thread 1-6) VM Arguments: -Dprogram.name=JBossTools: WildFly  8.x -Xms64m -Xmx512m -XX:MaxPermSize=256m -Dorg.jboss.resolver.warning=true -Djava.net.preferIPv4Stack=true -Dsun.rmi.dgc.client.gcInterval=3600000 -Dsun.rmi.dgc.server.gcInterval=3600000 -Djboss.modules.system.pkgs=org.jboss.byteman -Djava.awt.headless=true -Dorg.jboss.boot.log.file=/home/soa7503/workspace/wildfly-8.2.0.Final/standalone/log/boot.log -Dlogging.configuration=file:/home/soa7503/workspace/wildfly-8.2.0.Final/standalone/configuration/logging.properties -Djboss.home.dir=/home/soa7503/workspace/wildfly-8.2.0.Final -Dorg.jboss.logmanager.nocolor=true -Djboss.bind.address.management=localhost -Dfile.encoding=UTF-8 
2018-03-06 20:40:14,567 INFO  [org.jboss.as.server] (Controller Boot Thread) JBAS015888: Creating http management service using socket-binding (management-http)
2018-03-06 20:40:14,593 INFO  [org.xnio] (MSC service thread 1-2) XNIO version 3.3.0.Final
2018-03-06 20:40:14,625 INFO  [org.xnio.nio] (MSC service thread 1-2) XNIO NIO Implementation Version 3.3.0.Final
